[	'	2	0	1	8	-	0	3	-	0	4	T	1	9	:	3	8	:	3	4	.	5	5	5	4	6	9	'	,	 	'	6	8	:	1	4	:	0	1	:	9	7	:	3	6	:	1	f	'	,	 	'	H	o	n	 	H	a	i	 	P	r	e	c	i	s	i	o	n	 	I	n	d	.	 	C	o	.	,	L	t	d	.	'	,	 	b	'	'	]
[	'	2	0	1	8	-	0	3	-	0	4	T	1	9	:	3	8	:	3	5	.	8	4	5	1	8	2	'	,	 	'	1	4	:	5	f	:	9	4	:	3	4	:	f	d	:	9	5	'	,	 	'	H	U	A	W	E	I	 	T	E	C	H	N	O	L	O	G	I	E	S	 	C	O	.	,	L	T	D	'	,	 	b	'	'	]
[|'|2|0|1|8|-|0|3|-|0|4|T|1|9|:|3|9|:|4|9|.|5|8|7|1|0|0|'|,| |'|6|8|:|1|4|:|0|1|:|9|7|:|3|6|:|1|f|'|,| |'|H|o|n| |H|a|i| |P|r|e|c|i|s|i|o|n| |I|n|d|.| |C|o|.|,|L|t|d|.|'|,| |b|'|'|]
[|'|2|0|1|8|-|0|3|-|0|4|T|1|9|:|3|9|:|4|9|.|7|2|4|9|6|5|'|,| |'|6|8|:|1|4|:|0|1|:|9|7|:|3|6|:|1|f|'|,| |'|H|o|n| |H|a|i| |P|r|e|c|i|s|i|o|n| |I|n|d|.| |C|o|.|,|L|t|d|.|'|,| |b|'|'|]
[|'|2|0|1|8|-|0|3|-|0|4|T|1|9|:|3|9|:|4|9|.|8|3|7|9|6|3|'|,| |'|6|8|:|1|4|:|0|1|:|9|7|:|3|6|:|1|f|'|,| |'|H|o|n| |H|a|i| |P|r|e|c|i|s|i|o|n| |I|n|d|.| |C|o|.|,|L|t|d|.|'|,| |b|'|'|]
2018-03-04T19:41:34.625364|68:14:01:97:36:1f|Raza Microelectronics Inc|
2018-03-04T19:41:34.876017|68:14:01:97:36:1f|Raza Microelectronics Inc|
2018-03-04T19:41:49.329355|f4:f5:e8:24:82:b4|HUAWEI TECHNOLOGIES CO.,|Vodafone-53685E_24
2018-03-04T19:42:04.632912|68:14:01:97:36:1f|Raza Microelectronics Inc|
2018-03-04T19:42:19.639100|68:14:01:97:36:1f|Raza Microelectronics Inc|
2018-03-04T19:42:19.886157|68:14:01:97:36:1f|Raza Microelectronics Inc|
2018-03-04T19:42:34.639131|68:14:01:97:36:1f|Raza Microelectronics Inc|
2018-03-04T19:42:34.890851|68:14:01:97:36:1f|Raza Microelectronics Inc|
2018-03-04T19:42:37.630742|c0:ee:fb:24:34:86|Shenzhen YOUHUA Technology Co., Ltd|
2018-03-04T19:42:37.657267|c0:ee:fb:24:34:86|Shenzhen YOUHUA Technology Co., Ltd|
2018-03-04T19:42:37.693789|c0:ee:fb:24:34:86|Shenzhen YOUHUA Technology Co., Ltd|
2018-03-04T19:42:46.416024|98:0c:a5:6f:2b:2f|Foxboro Eckardt Development GmbH|
2018-03-04T19:42:46.434057|98:0c:a5:6f:2b:2f|Foxboro Eckardt Development GmbH|
2018-03-04T19:42:46.435584|98:0c:a5:6f:2b:2f|Foxboro Eckardt Development GmbH|
2018-03-04T19:42:46.436653|98:0c:a5:6f:2b:2f|Foxboro Eckardt Development GmbH|
2018-03-04T19:42:46.441442|98:0c:a5:6f:2b:2f|Foxboro Eckardt Development GmbH|
2018-03-04T19:42:49.645207|68:14:01:97:36:1f|Raza Microelectronics Inc|
2018-03-04T19:42:49.891858|40:16:7e:83:cd:79|ARRIS Group, Inc.|
2018-03-04T19:42:49.977220|40:16:7e:83:cd:79|ARRIS Group, Inc.|
2018-03-04T19:42:50.198552|40:16:7e:83:cd:79|ARRIS Group, Inc.|
2018-03-04T19:42:50.325315|40:16:7e:83:cd:79|ARRIS Group, Inc.|
2018-03-04T19:42:50.326838|40:16:7e:83:cd:79|ARRIS Group, Inc.|
2018-03-04T19:42:50.340708|40:16:7e:83:cd:79|ARRIS Group, Inc.|
2018-03-04T19:42:50.540658|40:16:7e:83:cd:79|ARRIS Group, Inc.|
2018-03-04T19:42:59.891040|c0:ee:fb:24:34:86|Shenzhen YOUHUA Technology Co., Ltd|
2018-03-04T19:42:59.905569|c0:ee:fb:24:34:86|Shenzhen YOUHUA Technology Co., Ltd|
2018-03-04T19:42:59.909703|c0:ee:fb:24:34:86|Shenzhen YOUHUA Technology Co., Ltd|
2018-03-04T19:42:59.927652|c0:ee:fb:24:34:86|Shenzhen YOUHUA Technology Co., Ltd|
2018-03-04T19:42:59.935337|c0:ee:fb:24:34:86|Shenzhen YOUHUA Technology Co., Ltd|
2018-03-04T19:42:59.953625|c0:ee:fb:24:34:86|Shenzhen YOUHUA Technology Co., Ltd|
2018-03-04T19:43:02.487654|98:0c:a5:6f:2b:2f|Foxboro Eckardt Development GmbH|
2018-03-04T19:43:02.499255|98:0c:a5:6f:2b:2f|Foxboro Eckardt Development GmbH|
2018-03-04T19:43:02.514062|98:0c:a5:6f:2b:2f|Foxboro Eckardt Development GmbH|
2018-03-04T19:43:02.554989|98:0c:a5:6f:2b:2f|Foxboro Eckardt Development GmbH|
2018-03-04T19:43:04.647121|68:14:01:97:36:1f|Raza Microelectronics Inc|
2018-03-04T19:43:19.655975|68:14:01:97:36:1f|Raza Microelectronics Inc|
2018-03-04T19:43:34.661268|68:14:01:97:36:1f|Raza Microelectronics Inc|
2018-03-04T19:43:34.918941|68:14:01:97:36:1f|Raza Microelectronics Inc|
2018-03-04T19:43:42.485376|98:0c:a5:6f:2b:2f|Foxboro Eckardt Development GmbH|
2018-03-04T19:43:42.487686|98:0c:a5:6f:2b:2f|Foxboro Eckardt Development GmbH|
2018-03-04T19:43:42.507721|98:0c:a5:6f:2b:2f|Foxboro Eckardt Development GmbH|
2018-03-04T19:43:42.563418|98:0c:a5:6f:2b:2f|Foxboro Eckardt Development GmbH|
2018-03-04T19:43:48.866756|f4:f5:e8:24:82:b4|HUAWEI TECHNOLOGIES CO.,|
2018-03-04T19:43:49.666847|68:14:01:97:36:1f|Raza Microelectronics Inc|
2018-03-04T19:43:49.787783|68:14:01:97:36:1f|Raza Microelectronics Inc|
2018-03-04T19:43:49.925135|68:14:01:97:36:1f|Raza Microelectronics Inc|
2018-03-04T19:43:54.162539|da:a1:19:c5:16:3e|UNKNOWN|
2018-03-04T19:43:54.177419|da:a1:19:c5:16:3e|UNKNOWN|
2018-03-04T19:43:54.182542|da:a1:19:c5:16:3e|UNKNOWN|
2018-03-04T19:43:54.199624|da:a1:19:c5:16:3e|UNKNOWN|
2018-03-04T19:43:54.249722|da:a1:19:c5:16:3e|UNKNOWN|
2018-03-04T19:43:54.281355|da:a1:19:c5:16:3e|UNKNOWN|
2018-03-04T19:43:54.319806|da:a1:19:c5:16:3e|UNKNOWN|
2018-03-04T19:47:19.724620|68:14:01:97:36:1f|Raza Microelectronics Inc|
2018-03-04T19:47:34.731144|68:14:01:97:36:1f|Raza Microelectronics Inc|
2018-03-04T19:47:46.274171|da:a1:19:96:53:a4|UNKNOWN|
2018-03-04T19:47:46.293695|da:a1:19:96:53:a4|UNKNOWN|
2018-03-04T19:47:46.316793|da:a1:19:96:53:a4|UNKNOWN|
2018-03-04T19:47:46.318211|da:a1:19:96:53:a4|UNKNOWN|
2018-03-04T19:47:49.738443|68:14:01:97:36:1f|Raza Microelectronics Inc|
2018-03-04T19:48:02.562112|98:0c:a5:6f:2b:2f|Foxboro Eckardt Development GmbH|
2018-03-04T19:48:19.746882|68:14:01:97:36:1f|Raza Microelectronics Inc|
2018-03-04T19:48:34.752486|68:14:01:97:36:1f|Raza Microelectronics Inc|
2018-03-04T19:48:38.234074|da:a1:19:b5:1c:64|UNKNOWN|
2018-03-04T19:48:38.240469|da:a1:19:b5:1c:64|UNKNOWN|
2018-03-04T19:48:38.322784|da:a1:19:b5:1c:64|UNKNOWN|
2018-03-04T19:48:49.882728|68:14:01:97:36:1f|Raza Microelectronics Inc|
2018-03-04T19:48:49.999639|40:16:7e:83:cd:79|ARRIS Group, Inc.|
2018-03-04T19:48:50.060973|40:16:7e:83:cd:79|ARRIS Group, Inc.|
2018-03-04T19:48:50.063316|40:16:7e:83:cd:79|ARRIS Group, Inc.|
2018-03-04T19:48:54.675402|da:a1:19:25:56:81|UNKNOWN|
2018-03-04T19:48:54.685558|da:a1:19:25:56:81|UNKNOWN|
2018-03-04T19:48:54.723794|da:a1:19:25:56:81|UNKNOWN|
2018-03-04T19:48:54.733614|da:a1:19:25:56:81|UNKNOWN|
2018-03-04T19:48:58.984179|da:a1:19:49:f7:b0|UNKNOWN|
2018-03-04T19:48:59.006301|da:a1:19:49:f7:b0|UNKNOWN|
2018-03-04T19:48:59.021716|da:a1:19:49:f7:b0|UNKNOWN|
2018-03-04T19:48:59.076209|da:a1:19:49:f7:b0|UNKNOWN|
2018-03-04T19:48:59.093911|da:a1:19:49:f7:b0|UNKNOWN|
2018-03-04T19:49:04.764743|68:14:01:97:36:1f|Raza Microelectronics Inc|
2018-03-04T19:49:05.013675|68:14:01:97:36:1f|Raza Microelectronics Inc|
2018-03-04T19:49:06.500213|f4:f5:e8:24:82:b4|HUAWEI TECHNOLOGIES CO.,|Vodafone-53685E_24
2018-03-04T19:53:03.700631|da:a1:19:f4:c2:6d|UNKNOWN|
2018-03-04T19:53:03.858132|da:a1:19:f4:c2:6d|UNKNOWN|
2018-03-04T19:53:03.872684|da:a1:19:f4:c2:6d|UNKNOWN|
2018-03-04T19:53:03.874686|da:a1:19:f4:c2:6d|UNKNOWN|
2018-03-04T19:53:03.876152|da:a1:19:f4:c2:6d|UNKNOWN|
2018-03-04T19:53:03.879271|da:a1:19:f4:c2:6d|UNKNOWN|
2018-03-04T19:53:04.837944|68:14:01:97:36:1f|Raza Microelectronics Inc|
2018-03-04T19:53:05.089108|68:14:01:97:36:1f|Raza Microelectronics Inc|
2018-03-04T19:53:11.364551|5c:51:81:b4:e2:af|UNKNOWN|
2018-03-04T19:53:11.384254|5c:51:81:b4:e2:af|UNKNOWN|
2018-03-04T19:53:19.927565|68:14:01:97:36:1f|Raza Microelectronics Inc|
2018-03-04T19:53:23.705634|da:a1:19:8e:47:bb|UNKNOWN|
2018-03-04T19:53:23.710054|da:a1:19:8e:47:bb|UNKNOWN|
2018-03-04T19:53:23.760323|da:a1:19:8e:47:bb|UNKNOWN|
2018-03-04T19:53:23.783651|da:a1:19:8e:47:bb|UNKNOWN|
2018-03-04T19:53:23.790110|da:a1:19:8e:47:bb|UNKNOWN|
2018-03-04T19:53:34.849651|68:14:01:97:36:1f|Raza Microelectronics Inc|
2018-03-04T19:53:35.102295|68:14:01:97:36:1f|Raza Microelectronics Inc|
2018-03-04T19:53:44.924805|da:a1:19:0f:2e:79|UNKNOWN|
2018-03-04T19:53:44.932357|da:a1:19:0f:2e:79|UNKNOWN|
2018-03-04T19:53:49.852828|68:14:01:97:36:1f|Raza Microelectronics Inc|
2018-03-04T19:53:50.109793|68:14:01:97:36:1f|Raza Microelectronics Inc|
2018-03-04T19:54:04.858282|68:14:01:97:36:1f|Raza Microelectronics Inc|
2018-03-04T19:54:04.909340|da:a1:19:90:51:45|UNKNOWN|
2018-03-04T19:54:04.939797|da:a1:19:90:51:45|UNKNOWN|
2018-03-04T19:54:04.968998|da:a1:19:90:51:45|UNKNOWN|
2018-03-04T19:54:05.021300|da:a1:19:90:51:45|UNKNOWN|
2018-03-04T19:54:05.123345|68:14:01:97:36:1f|Raza Microelectronics Inc|
2018-03-04T19:54:19.862188|68:14:01:97:36:1f|Raza Microelectronics Inc|
2018-03-04T19:54:34.868401|68:14:01:97:36:1f|Raza Microelectronics Inc|
2018-03-04T19:54:34.995322|68:14:01:97:36:1f|Raza Microelectronics Inc|
2018-03-04T19:54:35.125026|68:14:01:97:36:1f|Raza Microelectronics Inc|
